[debug] [2020-08-06T05:07:16.439Z] ----------------------------------------------------------------------
[debug] [2020-08-06T05:07:16.442Z] Command:       C:\Program Files\nodejs\node.exe C:\Users\dell\AppData\Roaming\npm\node_modules\firebase-tools\lib\bin\firebase.js init
[debug] [2020-08-06T05:07:16.443Z] CLI Version:   8.7.0
[debug] [2020-08-06T05:07:16.443Z] Platform:      win32
[debug] [2020-08-06T05:07:16.443Z] Node Version:  v12.18.3
[debug] [2020-08-06T05:07:16.444Z] Time:          Thu Aug 06 2020 10:37:16 GMT+0530 (India Standard Time)
[debug] [2020-08-06T05:07:16.445Z] ----------------------------------------------------------------------
[debug] [2020-08-06T05:07:16.445Z] 
[debug] [2020-08-06T05:07:16.456Z] > command requires scopes: ["email","openid","https://www.googleapis.com/auth/cloudplatformprojects.readonly","https://www.googleapis.com/auth/firebase","https://www.googleapis.com/auth/cloud-platform"]
[debug] [2020-08-06T05:07:16.457Z] > authorizing via signed-in user
[info] 
     ######## #### ########  ######## ########     ###     ######  ########
     ##        ##  ##     ## ##       ##     ##  ##   ##  ##       ##
     ######    ##  ########  ######   ########  #########  ######  ######
     ##        ##  ##    ##  ##       ##     ## ##     ##       ## ##
     ##       #### ##     ## ######## ########  ##     ##  ######  ########

You're about to initialize a Firebase project in this directory:

  C:\Users\dell\angularsite\first-app

Before we get started, keep in mind:

  * You are initializing in an existing Firebase project directory

[info] 
=== Project Setup
[info] 
[info] First, let's associate this project directory with a Firebase project.
[info] You can create multiple project aliases by running firebase use --add, 
[info] but for now we'll just set up a default project.
[info] 
[info] i  .firebaserc already has a default project, using angular-login-9c056. 
[debug] [2020-08-06T05:07:30.191Z] >>> HTTP REQUEST GET https://firebase.googleapis.com/v1beta1/projects/angular-login-9c056  
 
[debug] [2020-08-06T05:07:31.257Z] <<< HTTP RESPONSE 200 {"content-type":"application/json; charset=UTF-8","vary":"X-Origin, Referer, Origin,Accept-Encoding","date":"Thu, 06 Aug 2020 05:07:28 GMT","server":"ESF","cache-control":"private","x-xss-protection":"0","x-frame-options":"SAMEORIGIN","x-content-type-options":"nosniff","alt-svc":"h3-29=\":443\"; ma=2592000,h3-27=\":443\"; ma=2592000,h3-T050=\":443\"; ma=2592000,h3-Q050=\":443\"; ma=2592000,h3-Q046=\":443\"; ma=2592000,h3-Q043=\":443\"; ma=2592000,quic=\":443\"; ma=2592000; v=\"46,43\"","accept-ranges":"none","transfer-encoding":"chunked"}
[info] 
=== Hosting Setup
[info] 
[info] Your public directory is the folder (relative to your project directory) that
[info] will contain Hosting assets to be uploaded with firebase deploy. If you
[info] have a build process for your assets, use your build's output directory.
[info] 
